c:\users\pc\desktop\trabajos ud 1\proyectos programacion\algoritmosordenamientogui\debug\modelo.pdb
c:\users\pc\desktop\trabajos ud 1\proyectos programacion\algoritmosordenamientogui\modelo\debug\sorter.obj
c:\users\pc\desktop\trabajos ud 1\proyectos programacion\algoritmosordenamientogui\modelo\debug\selectionmatriz.obj
c:\users\pc\desktop\trabajos ud 1\proyectos programacion\algoritmosordenamientogui\modelo\debug\selection.obj
c:\users\pc\desktop\trabajos ud 1\proyectos programacion\algoritmosordenamientogui\modelo\debug\repositoriopoliticos.obj
c:\users\pc\desktop\trabajos ud 1\proyectos programacion\algoritmosordenamientogui\modelo\debug\quickmatriz.obj
c:\users\pc\desktop\trabajos ud 1\proyectos programacion\algoritmosordenamientogui\modelo\debug\quick.obj
c:\users\pc\desktop\trabajos ud 1\proyectos programacion\algoritmosordenamientogui\modelo\debug\politico.obj
c:\users\pc\desktop\trabajos ud 1\proyectos programacion\algoritmosordenamientogui\modelo\debug\mergematriz.obj
c:\users\pc\desktop\trabajos ud 1\proyectos programacion\algoritmosordenamientogui\modelo\debug\merge.obj
c:\users\pc\desktop\trabajos ud 1\proyectos programacion\algoritmosordenamientogui\modelo\debug\matrizsorter.obj
c:\users\pc\desktop\trabajos ud 1\proyectos programacion\algoritmosordenamientogui\modelo\debug\isortstrategy.obj
c:\users\pc\desktop\trabajos ud 1\proyectos programacion\algoritmosordenamientogui\modelo\debug\isortmatrizstrategy.obj
c:\users\pc\desktop\trabajos ud 1\proyectos programacion\algoritmosordenamientogui\modelo\debug\insertionmatriz.obj
c:\users\pc\desktop\trabajos ud 1\proyectos programacion\algoritmosordenamientogui\modelo\debug\insertion.obj
c:\users\pc\desktop\trabajos ud 1\proyectos programacion\algoritmosordenamientogui\modelo\debug\bubblematriz.obj
c:\users\pc\desktop\trabajos ud 1\proyectos programacion\algoritmosordenamientogui\modelo\debug\bubble.obj
c:\users\pc\desktop\trabajos ud 1\proyectos programacion\algoritmosordenamientogui\debug\modelo.lib
c:\users\pc\desktop\trabajos ud 1\proyectos programacion\algoritmosordenamientogui\modelo\debug\modelo.tlog\cl.command.1.tlog
c:\users\pc\desktop\trabajos ud 1\proyectos programacion\algoritmosordenamientogui\modelo\debug\modelo.tlog\cl.read.1.tlog
c:\users\pc\desktop\trabajos ud 1\proyectos programacion\algoritmosordenamientogui\modelo\debug\modelo.tlog\cl.write.1.tlog
c:\users\pc\desktop\trabajos ud 1\proyectos programacion\algoritmosordenamientogui\modelo\debug\modelo.tlog\lib-link.read.1.tlog
c:\users\pc\desktop\trabajos ud 1\proyectos programacion\algoritmosordenamientogui\modelo\debug\modelo.tlog\lib-link.write.1.tlog
c:\users\pc\desktop\trabajos ud 1\proyectos programacion\algoritmosordenamientogui\modelo\debug\modelo.tlog\lib.command.1.tlog
